{"/Users/henrylai/Documents/Codebase_FE/react-test-example/react-hooks-testing-mark1/src/hooks/useCounter.ts": {"path":"/Users/henrylai/Documents/Codebase_FE/react-test-example/react-hooks-testing-mark1/src/hooks/useCounter.ts","statementMap":{"0":{"start":{"line":4,"column":28},"end":{"line":4,"column":50}},"1":{"start":{"line":6,"column":20},"end":{"line":6,"column":45}},"2":{"start":{"line":6,"column":26},"end":{"line":6,"column":45}},"3":{"start":{"line":7,"column":20},"end":{"line":7,"column":45}},"4":{"start":{"line":7,"column":26},"end":{"line":7,"column":45}},"5":{"start":{"line":8,"column":16},"end":{"line":8,"column":44}},"6":{"start":{"line":8,"column":22},"end":{"line":8,"column":44}},"7":{"start":{"line":10,"column":2},"end":{"line":10,"column":48}}},"fnMap":{"0":{"name":"useCounter","decl":{"start":{"line":3,"column":16},"end":{"line":3,"column":26}},"loc":{"start":{"line":3,"column":45},"end":{"line":11,"column":1}},"line":3},"1":{"name":"(anonymous_1)","decl":{"start":{"line":6,"column":20},"end":{"line":6,"column":21}},"loc":{"start":{"line":6,"column":26},"end":{"line":6,"column":45}},"line":6},"2":{"name":"(anonymous_2)","decl":{"start":{"line":7,"column":20},"end":{"line":7,"column":21}},"loc":{"start":{"line":7,"column":26},"end":{"line":7,"column":45}},"line":7},"3":{"name":"(anonymous_3)","decl":{"start":{"line":8,"column":16},"end":{"line":8,"column":17}},"loc":{"start":{"line":8,"column":22},"end":{"line":8,"column":44}},"line":8}},"branchMap":{"0":{"loc":{"start":{"line":3,"column":27},"end":{"line":3,"column":43}},"type":"default-arg","locations":[{"start":{"line":3,"column":42},"end":{"line":3,"column":43}}],"line":3}},"s":{"0":11,"1":11,"2":2,"3":11,"4":1,"5":11,"6":2,"7":11},"f":{"0":11,"1":2,"2":1,"3":2},"b":{"0":[3]},"_coverageSchema":"1a1c01bbd47fc00a2c39e90264f33305004495a9","hash":"d752ef8e73c0c02cc2fe50d59079adf4340af529"}
}
